[1024/213116.174:INFO:CONSOLE(123)] "Event handler of 'x-storagemutated-1' event must be added on the initial evaluation of worker script.", source: https://static.whatsapp.net/rsrc.php/v3/yl/r/gfwQa-B9yHC.js (123)
[1024/213116.288:INFO:CONSOLE(0)] "Error with Permissions-Policy header: Feature xr-spatial-tracking's parameters are ignored.", source:  (0)
[1024/213116.288:INFO:CONSOLE(0)] "Error with Permissions-Policy header: Origin trial controlled feature not enabled: 'attribution-reporting'.", source:  (0)
[1024/213116.288:INFO:CONSOLE(0)] "Error with Permissions-Policy header: Unrecognized feature: 'compute-pressure'.", source:  (0)
[1024/213116.288:INFO:CONSOLE(0)] "Error with Permissions-Policy header: Origin trial controlled feature not enabled: 'interest-cohort'.", source:  (0)
[1024/213116.288:INFO:CONSOLE(0)] "Error with Permissions-Policy header: Unrecognized feature: 'private-state-token-issuance'.", source:  (0)
[1024/213116.288:INFO:CONSOLE(0)] "Error with Permissions-Policy header: Origin trial controlled feature not enabled: 'shared-storage'.", source:  (0)
[1024/213116.288:INFO:CONSOLE(0)] "Error with Permissions-Policy header: Unrecognized feature: 'shared-storage-select-url'.", source:  (0)
[1024/213116.288:INFO:CONSOLE(0)] "Error with Permissions-Policy header: Unrecognized feature: 'private-state-token-redemption'.", source:  (0)
[1024/213116.288:INFO:CONSOLE(0)] "Error with Permissions-Policy header: Unrecognized feature: 'unload'.", source:  (0)
[1024/213116.288:INFO:CONSOLE(0)] "Error with Permissions-Policy header: Unrecognized feature: 'window-management'.", source:  (0)
[1024/213130.096:INFO:CONSOLE(344)] "WAWebLoggerWorker initialized", source: https://static.whatsapp.net/rsrc.php/v3/ya/r/y7P6bNq1kdK.js (344)
[1024/213130.096:INFO:CONSOLE(344)] "[storage] start setSchemaVersions from fts worker interface", source: https://static.whatsapp.net/rsrc.php/v3/ya/r/y7P6bNq1kdK.js (344)
[1024/213130.096:INFO:CONSOLE(344)] "[storage] set schema versions: [model-storage,160,fts-storage,8,jobs-storage,1,lru-media-storage-idb,2,offd-storage,4,qpl-storage,0,signal-storage,6,worker-storage,1,sw,2,wawc,14,wawc_db_enc,2]. is worker? true", source: https://static.whatsapp.net/rsrc.php/v3/ya/r/y7P6bNq1kdK.js (344)
[1024/213154.524:INFO:CONSOLE(344)] "FTS:Delegate: start indexer", source: https://static.whatsapp.net/rsrc.php/v3/ya/r/y7P6bNq1kdK.js (344)
[1024/213154.524:INFO:CONSOLE(344)] "FTS:Delegate: start perform init", source: https://static.whatsapp.net/rsrc.php/v3/ya/r/y7P6bNq1kdK.js (344)
[1024/213154.524:INFO:CONSOLE(344)] "FTS:Delegate: schema versions ready", source: https://static.whatsapp.net/rsrc.php/v3/ya/r/y7P6bNq1kdK.js (344)
[1024/213154.525:INFO:CONSOLE(344)] "FTS:Delegate: before db initialization", source: https://static.whatsapp.net/rsrc.php/v3/ya/r/y7P6bNq1kdK.js (344)
[1024/213154.525:INFO:CONSOLE(344)] "[storage] applying schema versions from [0 to 8] for the database: 'fts-storage'", source: https://static.whatsapp.net/rsrc.php/v3/ya/r/y7P6bNq1kdK.js (344)
[1024/213154.557:INFO:CONSOLE(344)] "[storage] applying schema versions from [0 to 160] for the database: 'model-storage'", source: https://static.whatsapp.net/rsrc.php/v3/ya/r/y7P6bNq1kdK.js (344)
[1024/213157.667:INFO:CONSOLE(344)] "FTS:Delegate: after db initialization", source: https://static.whatsapp.net/rsrc.php/v3/ya/r/y7P6bNq1kdK.js (344)
[1024/213157.669:INFO:CONSOLE(344)] "FTS:Manifest Writer: Set current version to ['3.1', '1']", source: https://static.whatsapp.net/rsrc.php/v3/ya/r/y7P6bNq1kdK.js (344)
[1024/213157.669:INFO:CONSOLE(344)] "FTS:Delegate: Inited", source: https://static.whatsapp.net/rsrc.php/v3/ya/r/y7P6bNq1kdK.js (344)
[1024/213157.669:INFO:CONSOLE(344)] "FTS:Delegate: Init indexing ops", source: https://static.whatsapp.net/rsrc.php/v3/ya/r/y7P6bNq1kdK.js (344)
[1024/213157.671:INFO:CONSOLE(344)] "FTS:Indexer:indexQueuedBatch: Starting new batch size : 1000", source: https://static.whatsapp.net/rsrc.php/v3/ya/r/y7P6bNq1kdK.js (344)
[1024/213157.680:INFO:CONSOLE(344)] "Current message batch is from entry 0 of 121...", source: https://static.whatsapp.net/rsrc.php/v3/ya/r/y7P6bNq1kdK.js (344)
[1024/213201.038:INFO:CONSOLE(344)] "FTS:Indexer:indexQueuedBatch: Completed batch", source: https://static.whatsapp.net/rsrc.php/v3/ya/r/y7P6bNq1kdK.js (344)
[1024/213201.056:INFO:CONSOLE(344)] "FTS:Indexer:indexQueuedBatch: Completed", source: https://static.whatsapp.net/rsrc.php/v3/ya/r/y7P6bNq1kdK.js (344)
[1024/213202.963:INFO:CONSOLE(344)] "Finished batch from entry 0 of 121. (Took 5292.300000011921 msec)", source: https://static.whatsapp.net/rsrc.php/v3/ya/r/y7P6bNq1kdK.js (344)
[1024/213221.665:INFO:CONSOLE(344)] "FTS:Indexer:indexQueuedBatch: Starting new batch size : 1000", source: https://static.whatsapp.net/rsrc.php/v3/ya/r/y7P6bNq1kdK.js (344)
[1024/213308.055:INFO:CONSOLE(344)] "FTS:Indexer:indexQueuedBatch: Completed batch", source: https://static.whatsapp.net/rsrc.php/v3/ya/r/y7P6bNq1kdK.js (344)
[1024/213308.198:INFO:CONSOLE(344)] "FTS:Indexer:indexQueuedBatch: Completed", source: https://static.whatsapp.net/rsrc.php/v3/ya/r/y7P6bNq1kdK.js (344)
[1024/213318.225:INFO:CONSOLE(344)] "FTS:Indexer:indexQueuedBatch: Starting new batch size : 1000", source: https://static.whatsapp.net/rsrc.php/v3/ya/r/y7P6bNq1kdK.js (344)
[1024/213318.308:INFO:CONSOLE(344)] "FTS:Indexer:indexQueuedBatch: Completed batch", source: https://static.whatsapp.net/rsrc.php/v3/ya/r/y7P6bNq1kdK.js (344)
[1024/213318.353:INFO:CONSOLE(344)] "FTS:Indexer:indexQueuedBatch: Completed batch", source: https://static.whatsapp.net/rsrc.php/v3/ya/r/y7P6bNq1kdK.js (344)
[1024/213318.353:INFO:CONSOLE(344)] "FTS:Indexer:indexQueuedBatch: Completed", source: https://static.whatsapp.net/rsrc.php/v3/ya/r/y7P6bNq1kdK.js (344)
[1024/213653.856:INFO:CONSOLE(333)] "Failed to parse video contentType: video/mp4; codecs=avc1.42000a", source: https://static.whatsapp.net/rsrc.php/v3iHCc4/yQ/l/rt/YPwcRRJN-UO.js (333)
[1024/213653.856:INFO:CONSOLE(333)] "Failed to parse video contentType: video/mp4; codecs=hev1.1.6.L93.B0", source: https://static.whatsapp.net/rsrc.php/v3iHCc4/yQ/l/rt/YPwcRRJN-UO.js (333)
[1024/213659.855:INFO:CONSOLE(123)] "Event handler of 'x-storagemutated-1' event must be added on the initial evaluation of worker script.", source: https://static.whatsapp.net/rsrc.php/v3/yl/r/gfwQa-B9yHC.js (123)
